Determining if the pthread_create exist failed with the following output:
Change Dir: /home/rui/catkin_ws/build/CMakeFiles/CMakeTmp

Run Build Command:"/usr/bin/make" "cmTC_bae6b/fast"
/usr/bin/make -f CMakeFiles/cmTC_bae6b.dir/build.make CMakeFiles/cmTC_bae6b.dir/build
make[1]: Entering directory '/home/rui/catkin_ws/build/CMakeFiles/CMakeTmp'
Building C object CMakeFiles/cmTC_bae6b.dir/CheckSymbolExists.c.o
/usr/bin/cc     -o CMakeFiles/cmTC_bae6b.dir/CheckSymbolExists.c.o   -c /home/rui/catkin_ws/build/CMakeFiles/CMakeTmp/CheckSymbolExists.c
Linking C executable cmTC_bae6b
/usr/bin/cmake -E cmake_link_script CMakeFiles/cmTC_bae6b.dir/link.txt --verbose=1
/usr/bin/cc       CMakeFiles/cmTC_bae6b.dir/CheckSymbolExists.c.o  -o cmTC_bae6b -rdynamic 
CMakeFiles/cmTC_bae6b.dir/CheckSymbolExists.c.o: In function `main':
CheckSymbolExists.c:(.text+0x16): undefined reference to `pthread_create'
collect2: error: ld returned 1 exit status
CMakeFiles/cmTC_bae6b.dir/build.make:97: recipe for target 'cmTC_bae6b' failed
make[1]: *** [cmTC_bae6b] Error 1
make[1]: Leaving directory '/home/rui/catkin_ws/build/CMakeFiles/CMakeTmp'
Makefile:126: recipe for target 'cmTC_bae6b/fast' failed
make: *** [cmTC_bae6b/fast] Error 2

File /home/rui/catkin_ws/build/CMakeFiles/CMakeTmp/CheckSymbolExists.c:
/* */
#include <pthread.h>

int main(int argc, char** argv)
{
  (void)argv;
#ifndef pthread_create
  return ((int*)(&pthread_create))[argc];
#else
  (void)argc;
  return 0;
#endif
}

Determining if the function pthread_create exists in the pthreads failed with the following output:
Change Dir: /home/rui/catkin_ws/build/CMakeFiles/CMakeTmp

Run Build Command:"/usr/bin/make" "cmTC_734df/fast"
/usr/bin/make -f CMakeFiles/cmTC_734df.dir/build.make CMakeFiles/cmTC_734df.dir/build
make[1]: Entering directory '/home/rui/catkin_ws/build/CMakeFiles/CMakeTmp'
Building C object CMakeFiles/cmTC_734df.dir/CheckFunctionExists.c.o
/usr/bin/cc    -DCHECK_FUNCTION_EXISTS=pthread_create   -o CMakeFiles/cmTC_734df.dir/CheckFunctionExists.c.o   -c /usr/share/cmake-3.5/Modules/CheckFunctionExists.c
Linking C executable cmTC_734df
/usr/bin/cmake -E cmake_link_script CMakeFiles/cmTC_734df.dir/link.txt --verbose=1
/usr/bin/cc   -DCHECK_FUNCTION_EXISTS=pthread_create    CMakeFiles/cmTC_734df.dir/CheckFunctionExists.c.o  -o cmTC_734df -rdynamic -lpthreads 
/usr/bin/ld: cannot find -lpthreads
collect2: error: ld returned 1 exit status
CMakeFiles/cmTC_734df.dir/build.make:97: recipe for target 'cmTC_734df' failed
make[1]: *** [cmTC_734df] Error 1
make[1]: Leaving directory '/home/rui/catkin_ws/build/CMakeFiles/CMakeTmp'
Makefile:126: recipe for target 'cmTC_734df/fast' failed
make: *** [cmTC_734df/fast] Error 2


